Arguments: 
  D:\programfiles\nodejs\node.exe D:\programfiles\nodejs\node_modules\yarn\bin\yarn.js

PATH: 
  D:\dev\projects\electron-vue-typescript-boilerplate\node_modules\.bin;C:\Windows\system32;C:\Windows;C:\Windows\System32\Wbem;C:\Windows\System32\WindowsPowerShell\v1.0\;C:\Windows\System32\OpenSSH\;D:\programfiles\Git\cmd;D:\programfiles\NetSarang\Xshell 7\;C:\Program Files\dotnet\;C:\ProgramData\ComposerSetup\bin;C:\Program Files\Docker\Docker\resources\bin;C:\ProgramData\DockerDesktop\version-bin;%NVM_HOME%;%NVM_SYMLINK%;D:\programfiles\nodejs;D:\programfiles\nvm;D:\programfiles\xmpp7.4.25\php;D:\programfiles\python39-32\Scripts\;D:\programfiles\python39-32\;C:\Users\santu\AppData\Local\Microsoft\WindowsApps;D:\programfiles\Microsoft VS Code\bin;C:\Users\santu\.dotnet\tools;D:\programfiles\Bandizip\;C:\Users\santu\AppData\Roaming\Composer\vendor\bin;D:\programfiles\nvm;D:\programfiles\nodejs

Yarn version: 
  1.22.17

Node version: 
  16.13.0

Platform: 
  win32 x64

Trace: 
  SyntaxError: D:\dev\projects\electron-vue-typescript-boilerplate\package.json: Unexpected token } in JSON at position 663
      at JSON.parse (<anonymous>)
      at D:\programfiles\nvm\v16.13.0\node_modules\yarn\lib\cli.js:1625:59
      at Generator.next (<anonymous>)
      at step (D:\programfiles\nvm\v16.13.0\node_modules\yarn\lib\cli.js:310:30)
      at D:\programfiles\nvm\v16.13.0\node_modules\yarn\lib\cli.js:321:13

npm manifest: 
  {
    "name": "electron-webpack-quick-start",
    "version": "0.0.0",
    "license": "MIT",
    "scripts": {
      "dev": "electron-webpack dev",
      "compile": "electron-webpack",
      "dist": "yarn compile && electron-builder",
      "dist:dir": "yarn dist --dir -c.compression=store -c.mac.identity=null",
      "test": "mocha -r tests/test-node-hooks.js --timeout 10000 tests/**/*.test.ts"
    },
    "dependencies": {
      "axios": "^0.21.0",
      "fs-extra": "^9.0.1",
      "jquery": "^3.5.1",
      "lodash": "^4.17.20",
      "mime-types": "^2.1.27",
      "moment": "^2.29.1",
      "query-string": "^6.13.7",
      "reflect-metadata": "^0.1.13",
      "source-map-support": "^0.5.16",
    },
    "devDependencies": {
      "@mdi/font": "^5.8.55",
      "@testdeck/mocha": "^0.1.2",
      "@tinymce/tinymce-vue": "^4.0.0",
      "@types/chai": "^4.2.14",
      "@types/electron": "^1.6.10",
      "@types/fs-extra": "^9.0.4",
      "@types/lodash": "^4.14.165",
      "@types/mime-types": "^2.1.0",
      "@types/mocha": "^8.0.4",
      "@types/moment": "^2.13.0",
      "@types/node": "^14.14.9",
      "chai": "^4.2.0",
      "class-transformer": "^0.3.1",
      "electron": "8.2.0",
      "electron-builder": "^22.4.1",
      "electron-webpack": "^2.8.2",
      "electron-webpack-ts": "^4.0.1",
      "electron-webpack-vue": "^2.4.0",
      "es6-promise": "^4.2.8",
      "inversify": "^5.0.1",
      "laravel-vue-pagination": "^2.3.1",
      "mocha": "^8.2.1",
      "node-sass": "^5.0.0",
      "sass-loader": "^10.1.0",
      "typescript": "^4.1.2",
      "v-hotkey": "^0.8.0",
      "vee-validate": "^3.4.5",
      "vue": "^2.6.12",
      "vue-class-component": "^7.2.6",
      "vue-i18n": "^8.22.2",
      "vue-inversify-decorator": "^0.1.0",
      "vue-localstorage": "^0.6.2",
      "vue-property-decorator": "^9.1.2",
      "vue-router": "^3.4.9",
      "vue-screen": "^1.5.3",
      "vue-select": "^3.10.8",
      "vue-shortkey": "^3.1.7",
      "vuetify": "^2.3.18",
      "vuex": "^3.5.1",
      "vuex-class": "^0.3.2",
      "vuex-module-decorators": "^1.0.1",
      "webpack": "~4.42.1"
    }
  }

yarn manifest: 
  No manifest

Lockfile: 
  No lockfile
